<?xml version="1.0" encoding="UTF-8"?>
<!-- Generated by org.testng.reporters.JUnitXMLReporter -->
<testsuite ignored="0" hostname="Win-PC" failures="0" tests="4" name="Test" time="0.059" errors="0" timestamp="20 Apr 2019 19:03:17 GMT">
  <testcase classname="qaclickacademy.SeleniumTest" name="BrowserAutomation" time="0.009"/>
  <testcase classname="qaclickacademy.SeleniumTest" name="elementsUI" time="0.0"/>
  <testcase classname="qaclickacademy.RestAPITest" name="deleteTwitter" time="0.0"/>
  <testcase classname="qaclickacademy.RestAPITest" name="postJira" time="0.0"/>
</testsuite> <!-- Test -->
