<?xml version="1.0" encoding="UTF-8"?>
<testng-results ignored="0" total="6" passed="6" failed="0" skipped="0">
  <reporter-output>
  </reporter-output>
  <suite started-at="2019-06-02T13:32:06Z" name="Command line suite" finished-at="2019-06-02T13:32:06Z" duration-ms="44">
    <groups>
    </groups>
    <test started-at="2019-06-02T13:32:06Z" name="Command line test" finished-at="2019-06-02T13:32:06Z" duration-ms="44">
      <class name="qaclickacademy.AppiumTest">
        <test-method signature="iOSApps()[pri:0, instance:qaclickacademy.AppiumTest@57c758ac]" started-at="2019-06-02T13:32:06Z" name="iOSApps" finished-at="2019-06-02T13:32:06Z" duration-ms="8" status="PASS">
          <reporter-output>
          </reporter-output>
        </test-method> <!-- iOSApps -->
        <test-method signature="nativeAppAndroid()[pri:0, instance:qaclickacademy.AppiumTest@57c758ac]" started-at="2019-06-02T13:32:06Z" name="nativeAppAndroid" finished-at="2019-06-02T13:32:06Z" duration-ms="0" status="PASS">
          <reporter-output>
          </reporter-output>
        </test-method> <!-- nativeAppAndroid -->
      </class> <!-- qaclickacademy.AppiumTest -->
      <class name="qaclickacademy.RestAPITest">
        <test-method signature="deleteTwitter()[pri:0, instance:qaclickacademy.RestAPITest@a9cd3b1]" started-at="2019-06-02T13:32:06Z" name="deleteTwitter" finished-at="2019-06-02T13:32:06Z" duration-ms="1" status="PASS">
          <reporter-output>
          </reporter-output>
        </test-method> <!-- deleteTwitter -->
        <test-method signature="postJira()[pri:0, instance:qaclickacademy.RestAPITest@a9cd3b1]" started-at="2019-06-02T13:32:06Z" name="postJira" finished-at="2019-06-02T13:32:06Z" duration-ms="1" status="PASS">
          <reporter-output>
          </reporter-output>
        </test-method> <!-- postJira -->
      </class> <!-- qaclickacademy.RestAPITest -->
      <class name="qaclickacademy.SeleniumTest">
        <test-method signature="BrowserAutomation()[pri:0, instance:qaclickacademy.SeleniumTest@13e39c73]" started-at="2019-06-02T13:32:06Z" name="BrowserAutomation" finished-at="2019-06-02T13:32:06Z" duration-ms="1" status="PASS">
          <reporter-output>
          </reporter-output>
        </test-method> <!-- BrowserAutomation -->
        <test-method signature="elementsUI()[pri:0, instance:qaclickacademy.SeleniumTest@13e39c73]" started-at="2019-06-02T13:32:06Z" name="elementsUI" finished-at="2019-06-02T13:32:06Z" duration-ms="0" status="PASS">
          <reporter-output>
          </reporter-output>
        </test-method> <!-- elementsUI -->
      </class> <!-- qaclickacademy.SeleniumTest -->
    </test> <!-- Command line test -->
  </suite> <!-- Command line suite -->
</testng-results>
